<?xml version="1.0" encoding="utf-8"?><testsuite errors="0" failures="1" name="pytest" skips="0" tests="2" time="0.337"><testcase classname="test.index_test.GetHeadersMessageTest" file="test/index_test.py" line="5" name="test_serialize" time="0.0009856224060058594"></testcase><testcase classname="test.index_test.HeadersMessageTest" file="test/index_test.py" line="13" name="test_parse" time="0.0006527900695800781"><failure message="AttributeError: &apos;NoneType&apos; object has no attribute &apos;blocks&apos;">self = &lt;index_test.HeadersMessageTest testMethod=test_parse&gt;

    def test_parse(self):
        hex_msg = &apos;0200000020df3b053dc46f162a9b00c7f0d5124e2676d47bbe7c5d0793a500000000000000ef445fef2ed495c275892206ca533e7411907971013ab83e3b47bd0d692d14d4dc7c835b67d8001ac157e670000000002030eb2540c41025690160a1014c577061596e32e426b712c7ca00000000000000768b89f07044e6130ead292a3f51951adbd2202df447d98789339937fd006bd44880835b67d8001ade09204600&apos;
        stream = BytesIO(bytes.fromhex(hex_msg))
        headers = HeadersMessage.parse(stream)
&gt;       self.assertEqual(len(headers.blocks), 2)
E       AttributeError: &apos;NoneType&apos; object has no attribute &apos;blocks&apos;

test/index_test.py:18: AttributeError</failure></testcase></testsuite>